mar 11, 2026 2:47:14 P. M. org.l2jmobius.gameserver.handler.AdminCommandHandler lambda$onCommand$0
WARNING: Exception during execution of admin_kill_menu
java.lang.NullPointerException: Cannot invoke "org.l2jmobius.gameserver.model.WorldObject.asCreature()" because "obj" is null
	at handlers.admincommandhandlers.AdminMenu.handleKill(AdminMenu.java:255)
	at handlers.admincommandhandlers.AdminMenu.handleKill(AdminMenu.java:249)
	at handlers.admincommandhandlers.AdminMenu.onCommand(AdminMenu.java:195)
	at org.l2jmobius.gameserver.handler.AdminCommandHandler.lambda$onCommand$0(AdminCommandHandler.java:129)
	at org.l2jmobius.commons.threads.ThreadPool$RunnableWrapper.run(ThreadPool.java:289)
	at java.base/java.util.concurrent.ThreadPoolExecutor.runWorker(ThreadPoolExecutor.java:1090)
	at java.base/java.util.concurrent.ThreadPoolExecutor$Worker.run(ThreadPoolExecutor.java:614)
	at java.base/java.lang.Thread.run(Thread.java:1474)

mar 11, 2026 6:21:40 P. M. org.l2jmobius.gameserver.handler.AdminCommandHandler lambda$onCommand$0
WARNING: Exception during execution of admin_setskill
java.lang.ArrayIndexOutOfBoundsException: Index 1 out of bounds for length 1
	at handlers.admincommandhandlers.AdminSkill.onCommand(AdminSkill.java:242)
	at org.l2jmobius.gameserver.handler.AdminCommandHandler.lambda$onCommand$0(AdminCommandHandler.java:129)
	at org.l2jmobius.commons.threads.ThreadPool$RunnableWrapper.run(ThreadPool.java:289)
	at java.base/java.util.concurrent.ThreadPoolExecutor.runWorker(ThreadPoolExecutor.java:1090)
	at java.base/java.util.concurrent.ThreadPoolExecutor$Worker.run(ThreadPoolExecutor.java:614)
	at java.base/java.lang.Thread.run(Thread.java:1474)

